<?xml version="1.0" encoding="UTF-8"?>
<testng-results skipped="0" failed="1" total="3" passed="2">
  <reporter-output>
  </reporter-output>
  <suite name="Default suite" duration-ms="14277" started-at="2017-04-03T13:26:37Z" finished-at="2017-04-03T13:26:51Z">
    <groups>
    </groups>
    <test name="Default test" duration-ms="14277" started-at="2017-04-03T13:26:37Z" finished-at="2017-04-03T13:26:51Z">
      <class name="test.LangingPageTest">
        <test-method status="PASS" signature="setUp()[pri:0, instance:test.LangingPageTest@3c09711b]" name="setUp" is-config="true" duration-ms="2873" started-at="2017-04-03T14:26:37Z" finished-at="2017-04-03T14:26:40Z">
          <reporter-output>
          </reporter-output>
        </test-method> <!-- setUp -->
        <test-method status="PASS" signature="testSetUp()[pri:0, instance:test.LangingPageTest@3c09711b]" name="testSetUp" is-config="true" duration-ms="2141" started-at="2017-04-03T14:26:40Z" depends-on-methods="test.AbstractWebDriverTest.setUp" finished-at="2017-04-03T14:26:42Z">
          <reporter-output>
          </reporter-output>
        </test-method> <!-- testSetUp -->
        <test-method status="PASS" signature="testLandingPageLoaded()[pri:0, instance:test.LangingPageTest@3c09711b]" name="testLandingPageLoaded" duration-ms="19" started-at="2017-04-03T14:26:42Z" finished-at="2017-04-03T14:26:42Z">
          <reporter-output>
          </reporter-output>
        </test-method> <!-- testLandingPageLoaded -->
        <test-method status="PASS" signature="getResult(org.testng.ITestResult)[pri:0, instance:test.LangingPageTest@3c09711b]" name="getResult" is-config="true" duration-ms="9" started-at="2017-04-03T14:26:42Z" finished-at="2017-04-03T14:26:42Z">
          <params>
            <param index="0">
              <value>
                <![CDATA[[TestResult name=testLandingPageLoaded status=SUCCESS method=LangingPageTest.testLandingPageLoaded()[pri:0, instance:test.LangingPageTest@3c09711b] output={null}]]]>
              </value>
            </param>
          </params>
          <reporter-output>
          </reporter-output>
        </test-method> <!-- getResult -->
        <test-method status="FAIL" signature="testProductPage()[pri:0, instance:test.LangingPageTest@3c09711b]" name="testProductPage" duration-ms="4007" started-at="2017-04-03T14:26:42Z" finished-at="2017-04-03T14:26:46Z">
          <exception class="org.openqa.selenium.ElementNotVisibleException">
            <message>
              <![CDATA[element not visible
  (Session info: chrome=56.0.2924.87)
  (Driver info: chromedriver=2.28.455520 (cc17746adff54984afff480136733114c6b3704b),platform=Windows NT 10.0.14393 x86_64) (WARNING: The server did not provide any stacktrace information)
Command duration or timeout: 28 milliseconds
Build info: version: '2.41.0', revision: '3192d8a', time: '2014-03-27 17:18:15'
System info: host: 'LPT2828', ip: '10.162.136.130', os.name: 'Windows 10', os.arch: 'amd64', os.version: '10.0', java.version: '1.8.0_121'
Driver info: org.openqa.selenium.chrome.ChromeDriver
Capabilities [{applicationCacheEnabled=false, rotatable=false, mobileEmulationEnabled=false, networkConnectionEnabled=false, chrome={chromedriverVersion=2.28.455520 (cc17746adff54984afff480136733114c6b3704b), userDataDir=C:\Users\VARUN~1.AGG\AppData\Local\Temp\scoped_dir11784_8153}, takesHeapSnapshot=true, pageLoadStrategy=normal, databaseEnabled=false, handlesAlerts=true, hasTouchScreen=false, version=56.0.2924.87, platform=XP, browserConnectionEnabled=false, nativeEvents=true, acceptSslCerts=true, locationContextEnabled=true, webStorageEnabled=true, browserName=chrome, takesScreenshot=true, javascriptEnabled=true, cssSelectorsEnabled=true, unexpectedAlertBehaviour=}]
Session ID: 283021a8f235ad0b600eb32778d03681]]>
            </message>
            <full-stacktrace>
              <![CDATA[org.openqa.selenium.ElementNotVisibleException: element not visible
  (Session info: chrome=56.0.2924.87)
  (Driver info: chromedriver=2.28.455520 (cc17746adff54984afff480136733114c6b3704b),platform=Windows NT 10.0.14393 x86_64) (WARNING: The server did not provide any stacktrace information)
Command duration or timeout: 28 milliseconds
Build info: version: '2.41.0', revision: '3192d8a', time: '2014-03-27 17:18:15'
System info: host: 'LPT2828', ip: '10.162.136.130', os.name: 'Windows 10', os.arch: 'amd64', os.version: '10.0', java.version: '1.8.0_121'
Driver info: org.openqa.selenium.chrome.ChromeDriver
Capabilities [{applicationCacheEnabled=false, rotatable=false, mobileEmulationEnabled=false, networkConnectionEnabled=false, chrome={chromedriverVersion=2.28.455520 (cc17746adff54984afff480136733114c6b3704b), userDataDir=C:\Users\VARUN~1.AGG\AppData\Local\Temp\scoped_dir11784_8153}, takesHeapSnapshot=true, pageLoadStrategy=normal, databaseEnabled=false, handlesAlerts=true, hasTouchScreen=false, version=56.0.2924.87, platform=XP, browserConnectionEnabled=false, nativeEvents=true, acceptSslCerts=true, locationContextEnabled=true, webStorageEnabled=true, browserName=chrome, takesScreenshot=true, javascriptEnabled=true, cssSelectorsEnabled=true, unexpectedAlertBehaviour=}]
Session ID: 283021a8f235ad0b600eb32778d03681
	at sun.reflect.NativeConstructorAccessorImpl.newInstance0(Native Method)
	at sun.reflect.NativeConstructorAccessorImpl.newInstance(Unknown Source)
	at sun.reflect.DelegatingConstructorAccessorImpl.newInstance(Unknown Source)
	at java.lang.reflect.Constructor.newInstance(Unknown Source)
	at org.openqa.selenium.remote.ErrorHandler.createThrowable(ErrorHandler.java:193)
	at org.openqa.selenium.remote.ErrorHandler.throwIfResponseFailed(ErrorHandler.java:145)
	at org.openqa.selenium.remote.RemoteWebDriver.execute(RemoteWebDriver.java:595)
	at org.openqa.selenium.remote.RemoteWebElement.execute(RemoteWebElement.java:268)
	at org.openqa.selenium.remote.RemoteWebElement.click(RemoteWebElement.java:79)
	at pageObjects.ProductDescPage.addToBasket(ProductDescPage.java:57)
	at test.LangingPageTest.testProductPage(LangingPageTest.java:84)
	at sun.reflect.NativeMethodAccessorImpl.invoke0(Native Method)
	at sun.reflect.NativeMethodAccessorImpl.invoke(Unknown Source)
	at sun.reflect.DelegatingMethodAccessorImpl.invoke(Unknown Source)
	at java.lang.reflect.Method.invoke(Unknown Source)
	at org.testng.internal.MethodInvocationHelper.invokeMethod(MethodInvocationHelper.java:84)
	at org.testng.internal.Invoker.invokeMethod(Invoker.java:714)
	at org.testng.internal.Invoker.invokeTestMethod(Invoker.java:901)
	at org.testng.internal.Invoker.invokeTestMethods(Invoker.java:1231)
	at org.testng.internal.TestMethodWorker.invokeTestMethods(TestMethodWorker.java:127)
	at org.testng.internal.TestMethodWorker.run(TestMethodWorker.java:111)
	at org.testng.TestRunner.privateRun(TestRunner.java:767)
	at org.testng.TestRunner.run(TestRunner.java:617)
	at org.testng.SuiteRunner.runTest(SuiteRunner.java:334)
	at org.testng.SuiteRunner.runSequentially(SuiteRunner.java:329)
	at org.testng.SuiteRunner.privateRun(SuiteRunner.java:291)
	at org.testng.SuiteRunner.run(SuiteRunner.java:240)
	at org.testng.SuiteRunnerWorker.runSuite(SuiteRunnerWorker.java:52)
	at org.testng.SuiteRunnerWorker.run(SuiteRunnerWorker.java:86)
	at org.testng.TestNG.runSuitesSequentially(TestNG.java:1224)
	at org.testng.TestNG.runSuitesLocally(TestNG.java:1149)
	at org.testng.TestNG.run(TestNG.java:1057)
	at org.testng.remote.AbstractRemoteTestNG.run(AbstractRemoteTestNG.java:132)
	at org.testng.remote.RemoteTestNG.initAndRun(RemoteTestNG.java:230)
	at org.testng.remote.RemoteTestNG.main(RemoteTestNG.java:76)
]]>
            </full-stacktrace>
          </exception> <!-- org.openqa.selenium.ElementNotVisibleException -->
          <reporter-output>
          </reporter-output>
        </test-method> <!-- testProductPage -->
        <test-method status="PASS" signature="getResult(org.testng.ITestResult)[pri:0, instance:test.LangingPageTest@3c09711b]" name="getResult" is-config="true" duration-ms="154" started-at="2017-04-03T14:26:46Z" finished-at="2017-04-03T14:26:46Z">
          <params>
            <param index="0">
              <value>
                <![CDATA[[TestResult name=testProductPage status=FAILURE method=LangingPageTest.testProductPage()[pri:0, instance:test.LangingPageTest@3c09711b] output={null}]]]>
              </value>
            </param>
          </params>
          <reporter-output>
          </reporter-output>
        </test-method> <!-- getResult -->
        <test-method status="PASS" signature="testSearchOnLandingPage()[pri:0, instance:test.LangingPageTest@3c09711b]" name="testSearchOnLandingPage" duration-ms="2703" started-at="2017-04-03T14:26:46Z" finished-at="2017-04-03T14:26:49Z">
          <reporter-output>
          </reporter-output>
        </test-method> <!-- testSearchOnLandingPage -->
        <test-method status="PASS" signature="getResult(org.testng.ITestResult)[pri:0, instance:test.LangingPageTest@3c09711b]" name="getResult" is-config="true" duration-ms="3" started-at="2017-04-03T14:26:49Z" finished-at="2017-04-03T14:26:49Z">
          <params>
            <param index="0">
              <value>
                <![CDATA[[TestResult name=testSearchOnLandingPage status=SUCCESS method=LangingPageTest.testSearchOnLandingPage()[pri:0, instance:test.LangingPageTest@3c09711b] output={null}]]]>
              </value>
            </param>
          </params>
          <reporter-output>
          </reporter-output>
        </test-method> <!-- getResult -->
        <test-method status="PASS" signature="testCleanup()[pri:0, instance:test.LangingPageTest@3c09711b]" name="testCleanup" is-config="true" duration-ms="18" started-at="2017-04-03T14:26:49Z" finished-at="2017-04-03T14:26:49Z">
          <reporter-output>
          </reporter-output>
        </test-method> <!-- testCleanup -->
        <test-method status="PASS" signature="testCleanUp()[pri:0, instance:test.LangingPageTest@3c09711b]" name="testCleanUp" is-config="true" duration-ms="2336" started-at="2017-04-03T14:26:49Z" depends-on-methods="test.LangingPageTest.testCleanup" finished-at="2017-04-03T14:26:51Z">
          <reporter-output>
          </reporter-output>
        </test-method> <!-- testCleanUp -->
      </class> <!-- test.LangingPageTest -->
    </test> <!-- Default test -->
  </suite> <!-- Default suite -->
</testng-results>
